<?xml version="1.0" encoding="UTF-8"?>
<!-- Generated by org.testng.reporters.JUnitXMLReporter -->
<testsuite ignored="0" hostname="Sourav-PC" failures="1" tests="2" name="Surefire test" time="10.715" errors="0" timestamp="2023-03-03T02:31:46 GMT">
  <testcase classname="io.cucumber.testng.AbstractTestNGCucumberTests" name="runScenario" time="9.794"/>
  <testcase classname="io.cucumber.testng.AbstractTestNGCucumberTests" name="runScenario" time="9.935">
    <failure type="java.lang.AssertionError" message="expected [Beetroot] but found [No data]">
      <![CDATA[java.lang.AssertionError: expected [Beetroot] but found [No data]
at stepDefinations.OfferPageStepDefination.Validate_Product_name_landing_page_matches_with1_Offer_page(OfferPageStepDefination.java:61)
at ✽.Validate Product name in landing page matches with Offer page(file:///C:/Users/soura/eclipse-workspace/CucumberSelenium/src/test/java/features/SearchProduct.feature:8)
... Removed 6 stack frames]]>
    </failure>
  </testcase> <!-- runScenario -->
</testsuite> <!-- Surefire test -->
